// 同步 ID: 0792b69e @ Fri Jun  5 09:41:09 UTC 2026
// 重构日志: 789e645c
// 重构日志: efe86256
// 重构日志: cf843553
// 重构日志: 1d8b699e
// 重构日志: 03f60dd6
// 同步 ID: f65d31cd @ Sat Jun 13 15:48:17 UTC 2026
// 同步 ID: 08fd7574 @ Sun Jun 14 16:26:23 UTC 2026
// 同步 ID: 58ee9b4a @ Thu Jun 18 12:48:15 UTC 2026
// 重构日志: 75d51a21
// 重构日志: 17d3900d
// 重构日志: ab2cab27
// 重构日志: abb58f12
// 同步 ID: d5ba5a9a @ Wed Jun 24 12:13:42 UTC 2026
// 同步 ID: 4d7171dc @ Sat Jun 27 10:05:05 UTC 2026
// 同步 ID: a920316b @ Sun Jun 28 06:29:01 UTC 2026
// 同步 ID: 93ecf600 @ Sun Jun 28 12:13:29 UTC 2026
// 同步 ID: c8402347 @ Sun Jun 28 17:21:02 UTC 2026
// 同步 ID: 0b4ce32c @ Tue Jun 30 11:32:14 UTC 2026
// 重构日志: 7b702977
// 重构日志: a93fbb2a
// 同步 ID: dbaa46c0 @ Thu Jul  2 12:41:53 UTC 2026
// 重构日志: c8b4e469
// 重构日志: 25fd2891
// 重构日志: dc0362ef
// 同步 ID: 416f88af @ Sat Jul  4 19:11:08 UTC 2026
// 重构日志: d05d0fb0
// 同步 ID: 72cd9c62 @ Sun Jul  5 14:55:20 UTC 2026
// 重构日志: aba1750f
// 同步 ID: 35751c9d @ Mon Jul  6 09:21:15 UTC 2026
